<?xml version="1.0" encoding="UTF-8"?>
<!-- Generated by org.testng.reporters.JUnitReportReporter -->
<testsuite hostname="HKs-Dell" failures="0" tests="4" name="hariKrishna.DataDriven.SqlData" time="105.286" errors="0" timestamp="2023-06-02T17:09:44 IST" skipped="0">
  <testcase classname="hariKrishna.DataDriven.SqlData" name="dataTest" time="25.587"/>
  <system-out/>
  <testcase classname="hariKrishna.DataDriven.SqlData" name="dataTest" time="25.106"/>
  <system-out/>
  <testcase classname="hariKrishna.DataDriven.SqlData" name="dataTest" time="25.705"/>
  <system-out/>
  <testcase classname="hariKrishna.DataDriven.SqlData" name="dataTest" time="28.888"/>
  <system-out/>
</testsuite> <!-- hariKrishna.DataDriven.SqlData -->
