<?xml version="1.0" encoding="UTF-8"?>
<!-- Generated by org.testng.reporters.JUnitReportReporter -->
<testsuite hostname="HKs-Dell" failures="0" tests="2" name="hariKrishna.DataDriven.ExcelDriven" time="58.354" errors="0" timestamp="2023-06-02T13:33:55 IST" skipped="0">
  <testcase classname="hariKrishna.DataDriven.ExcelDriven" name="dataTest" time="27.654"/>
  <system-out/>
  <testcase classname="hariKrishna.DataDriven.ExcelDriven" name="dataTest" time="30.700"/>
  <system-out/>
</testsuite> <!-- hariKrishna.DataDriven.ExcelDriven -->
