<?xml version="1.0" encoding="UTF-8"?>
<!-- Generated by org.testng.reporters.JUnitReportReporter -->
<testsuite hostname="HKs-Dell" failures="0" tests="3" name="hariKrishna.DataDriven.DataDriven" time="44.983" errors="0" timestamp="2023-06-02T12:20:01 IST" skipped="1">
  <testcase classname="hariKrishna.DataDriven.DataDriven" name="datahashTest" time="27.229"/>
  <system-out/>
  <testcase classname="hariKrishna.DataDriven.DataDriven" name="datahashTest" time="17.754"/>
  <system-out/>
  <testcase classname="hariKrishna.DataDriven.DataDriven" name="dataTest">
    <skipped/>
  </testcase> <!-- dataTest -->
  <system-out/>
</testsuite> <!-- hariKrishna.DataDriven.DataDriven -->
